<?xml version="1.0" encoding="UTF-8"?>
<!-- Generated by org.testng.reporters.JUnitReportReporter -->
<testsuite hostname="DESKTOP-3T01Q5G" failures="0" tests="1" name="TESTNG.pack1" time="8.001" errors="0" timestamp="2021-08-08T14:43:41 IST" skipped="0">
  <testcase classname="TESTNG.pack1" name="testB" time="8.001"/>
  <system-out/>
</testsuite> <!-- TESTNG.pack1 -->
